 - INFO: Thu May 24 15:56:00 2018: Consonants(): b
 - INFO: Thu May 24 15:56:00 2018: Vowels(): a
 - INFO: Thu May 24 15:56:00 2018: Consonants(): c
 - INFO: Thu May 24 15:56:00 2018: Vowels(): e
 - INFO: Thu May 24 15:56:00 2018: Consonants(): d
 - INFO: Thu May 24 15:56:00 2018: Vowels(): i
 - INFO: Thu May 24 15:56:00 2018: Consonants(): f
 - INFO: Thu May 24 15:56:00 2018: Vowels(): o
 - INFO: Thu May 24 15:56:00 2018: Consonants(): g
 - INFO: Thu May 24 15:56:00 2018: Vowels(): u
 - INFO: Thu May 24 15:56:00 2018: Consonants(): h
 - INFO: Thu May 24 15:56:00 2018: Consonants(): j
 - INFO: Thu May 24 15:56:00 2018: Consonants(): k
 - INFO: Thu May 24 15:56:00 2018: Consonants(): l
 - INFO: Thu May 24 15:56:00 2018: Consonants(): m
 - INFO: Thu May 24 15:56:00 2018: Consonants(): n
 - INFO: Thu May 24 15:56:00 2018: Consonants(): p
 - INFO: Thu May 24 15:56:00 2018: Consonants(): q
 - INFO: Thu May 24 15:56:00 2018: Consonants(): r
 - INFO: Thu May 24 15:56:00 2018: Consonants(): s
 - INFO: Thu May 24 15:56:00 2018: Consonants(): t
 - INFO: Thu May 24 15:56:00 2018: Consonants(): v
 - INFO: Thu May 24 15:56:00 2018: Consonants(): w
 - INFO: Thu May 24 15:56:00 2018: Consonants(): x
 - INFO: Thu May 24 15:56:00 2018: Consonants(): y
 - INFO: Thu May 24 15:56:00 2018: Consonants(): z
